2024-04-12T22:53:27.366739+0300 Image saved: 0fe58bb6c2a0d393d5b4f15f0e4b65772a23c485cbfdc166f1a97b72c9f924a9a689af68214a53dacef8c6bfb20b01e53499efa2d48d91c4c14fc20bbfee3c42.png
2024-04-12T22:53:27.366739+0300 Image saved: 0fe58bb6c2a0d393d5b4f15f0e4b65772a23c485cbfdc166f1a97b72c9f924a9a689af68214a53dacef8c6bfb20b01e53499efa2d48d91c4c14fc20bbfee3c42.png
2024-04-12T22:53:28.050845+0300 Prediction: Type - Drivers, Confidence - 0.999991774559021, Page Number - 2
2024-04-12T22:53:28.050845+0300 Prediction: Type - Drivers, Confidence - 0.999991774559021, Page Number - 2
2024-04-12T22:58:50.599475+0300 Image saved: 0fe58bb6c2a0d393d5b4f15f0e4b65772a23c485cbfdc166f1a97b72c9f924a9a689af68214a53dacef8c6bfb20b01e53499efa2d48d91c4c14fc20bbfee3c42.png
2024-04-12T22:58:50.599475+0300 Image saved: 0fe58bb6c2a0d393d5b4f15f0e4b65772a23c485cbfdc166f1a97b72c9f924a9a689af68214a53dacef8c6bfb20b01e53499efa2d48d91c4c14fc20bbfee3c42.png
2024-04-12T22:58:51.297816+0300 Prediction: Type - Drivers, Confidence - 0.999991774559021, Page Number - 2
2024-04-12T22:58:51.297816+0300 Prediction: Type - Drivers, Confidence - 0.999991774559021, Page Number - 2
2024-04-12T22:58:53.417961+0300 Image saved: 0fe58bb6c2a0d393d5b4f15f0e4b65772a23c485cbfdc166f1a97b72c9f924a9a689af68214a53dacef8c6bfb20b01e53499efa2d48d91c4c14fc20bbfee3c42.png
2024-04-12T22:58:53.417961+0300 Image saved: 0fe58bb6c2a0d393d5b4f15f0e4b65772a23c485cbfdc166f1a97b72c9f924a9a689af68214a53dacef8c6bfb20b01e53499efa2d48d91c4c14fc20bbfee3c42.png
2024-04-12T22:58:53.621074+0300 Prediction: Type - Drivers, Confidence - 0.999991774559021, Page Number - 2
2024-04-12T22:58:53.621074+0300 Prediction: Type - Drivers, Confidence - 0.999991774559021, Page Number - 2
2024-04-12T22:58:55.377331+0300 Image saved: 0fe58bb6c2a0d393d5b4f15f0e4b65772a23c485cbfdc166f1a97b72c9f924a9a689af68214a53dacef8c6bfb20b01e53499efa2d48d91c4c14fc20bbfee3c42.png
2024-04-12T22:58:55.377331+0300 Image saved: 0fe58bb6c2a0d393d5b4f15f0e4b65772a23c485cbfdc166f1a97b72c9f924a9a689af68214a53dacef8c6bfb20b01e53499efa2d48d91c4c14fc20bbfee3c42.png
2024-04-12T22:58:55.579732+0300 Prediction: Type - Drivers, Confidence - 0.999991774559021, Page Number - 2
2024-04-12T22:58:55.579732+0300 Prediction: Type - Drivers, Confidence - 0.999991774559021, Page Number - 2
2024-04-12T23:01:51.044667+0300 Image saved: 0fe58bb6c2a0d393d5b4f15f0e4b65772a23c485cbfdc166f1a97b72c9f924a9a689af68214a53dacef8c6bfb20b01e53499efa2d48d91c4c14fc20bbfee3c42.png
2024-04-12T23:01:51.044667+0300 Image saved: 0fe58bb6c2a0d393d5b4f15f0e4b65772a23c485cbfdc166f1a97b72c9f924a9a689af68214a53dacef8c6bfb20b01e53499efa2d48d91c4c14fc20bbfee3c42.png
2024-04-12T23:01:51.727649+0300 Prediction: Type - Drivers, Confidence - 0.999991774559021, Page Number - 2
2024-04-12T23:01:51.727649+0300 Prediction: Type - Drivers, Confidence - 0.999991774559021, Page Number - 2
2024-04-12T23:04:49.833976+0300 Image saved: 0fe58bb6c2a0d393d5b4f15f0e4b65772a23c485cbfdc166f1a97b72c9f924a9a689af68214a53dacef8c6bfb20b01e53499efa2d48d91c4c14fc20bbfee3c42.png
2024-04-12T23:04:50.491725+0300 Prediction: Type - Drivers, Confidence - 0.999991774559021, Page Number - 2
2024-04-12T23:05:14.983304+0300 Image saved: 0fe58bb6c2a0d393d5b4f15f0e4b65772a23c485cbfdc166f1a97b72c9f924a9a689af68214a53dacef8c6bfb20b01e53499efa2d48d91c4c14fc20bbfee3c42.png
2024-04-12T23:05:15.682548+0300 Prediction: Type - Drivers, Confidence - 0.999991774559021, Page Number - 2
2024-04-12T23:31:19.486022+0300 Image saved: 0fe58bb6c2a0d393d5b4f15f0e4b65772a23c485cbfdc166f1a97b72c9f924a9a689af68214a53dacef8c6bfb20b01e53499efa2d48d91c4c14fc20bbfee3c42.png
2024-04-12T23:31:20.974582+0300 Prediction: Type - Drivers, Confidence - 0.999991774559021, Page Number - 2
2024-04-12T23:31:48.029856+0300 Image saved: 0fe58bb6c2a0d393d5b4f15f0e4b65772a23c485cbfdc166f1a97b72c9f924a9a689af68214a53dacef8c6bfb20b01e53499efa2d48d91c4c14fc20bbfee3c42.png
2024-04-12T23:31:48.752418+0300 Prediction: Type - Drivers, Confidence - 0.999991774559021, Page Number - 2
2024-04-14T06:30:20.353559+0300 Image saved: 0fe58bb6c2a0d393d5b4f15f0e4b65772a23c485cbfdc166f1a97b72c9f924a9a689af68214a53dacef8c6bfb20b01e53499efa2d48d91c4c14fc20bbfee3c42.png
2024-04-14T06:30:21.982722+0300 Prediction: Type - Drivers, Confidence - 0.9998, Page Number - 2
2024-04-14T06:34:09.746909+0300 Image saved: 0fe58bb6c2a0d393d5b4f15f0e4b65772a23c485cbfdc166f1a97b72c9f924a9a689af68214a53dacef8c6bfb20b01e53499efa2d48d91c4c14fc20bbfee3c42.png
2024-04-14T06:34:10.661155+0300 Prediction: Type - Drivers, Confidence - 0.9998, Page Number - 2
2024-04-14T06:34:53.466448+0300 Image saved: 0fe58bb6c2a0d393d5b4f15f0e4b65772a23c485cbfdc166f1a97b72c9f924a9a689af68214a53dacef8c6bfb20b01e53499efa2d48d91c4c14fc20bbfee3c42.png
2024-04-14T06:34:54.262316+0300 Prediction: Type - Drivers, Confidence - 0.9998, Page Number - 2
2024-04-14T06:43:04.408678+0300 Image saved: 0fe58bb6c2a0d393d5b4f15f0e4b65772a23c485cbfdc166f1a97b72c9f924a9a689af68214a53dacef8c6bfb20b01e53499efa2d48d91c4c14fc20bbfee3c42.png
2024-04-14T06:43:05.297579+0300 Prediction: Type - Drivers, Confidence - 0.9998, Page Number - 2
2024-04-14T06:43:43.865374+0300 Image saved: 0fe58bb6c2a0d393d5b4f15f0e4b65772a23c485cbfdc166f1a97b72c9f924a9a689af68214a53dacef8c6bfb20b01e53499efa2d48d91c4c14fc20bbfee3c42.png
2024-04-14T06:43:44.611212+0300 Prediction: Type - Drivers, Confidence - 0.9998, Page Number - 2
2024-04-14T06:45:15.579192+0300 Image saved: 90f40a018f5c9fb78a2e56fd12c882da1e4ecb9d34c55e9c9c34d128d4307bb685b31393f44608abd6b018bf077e73ecec73124d2b8cf1b59160e0b08029e18e.png
2024-04-14T06:45:16.256105+0300 Prediction: Type - Passports, Confidence - 1.0000, Page Number - 1
2024-04-14T06:51:53.663663+0300 Image saved: 90f40a018f5c9fb78a2e56fd12c882da1e4ecb9d34c55e9c9c34d128d4307bb685b31393f44608abd6b018bf077e73ecec73124d2b8cf1b59160e0b08029e18e.png
2024-04-14T06:51:54.367454+0300 Prediction: Type - Passports, Confidence - 1.0000, Page Number - 1
2024-04-14T06:54:42.640724+0300 Image saved: 90f40a018f5c9fb78a2e56fd12c882da1e4ecb9d34c55e9c9c34d128d4307bb685b31393f44608abd6b018bf077e73ecec73124d2b8cf1b59160e0b08029e18e.png
2024-04-14T06:54:43.342138+0300 Prediction: Type - Passports, Confidence - 1.0000, Page Number - 1
2024-04-14T06:56:51.669489+0300 Image saved: 90f40a018f5c9fb78a2e56fd12c882da1e4ecb9d34c55e9c9c34d128d4307bb685b31393f44608abd6b018bf077e73ecec73124d2b8cf1b59160e0b08029e18e.png
2024-04-14T06:56:52.332114+0300 Prediction: Type - Passports, Confidence - 1.0000, Page Number - 1
2024-04-14T06:57:46.037205+0300 Image saved: 90f40a018f5c9fb78a2e56fd12c882da1e4ecb9d34c55e9c9c34d128d4307bb685b31393f44608abd6b018bf077e73ecec73124d2b8cf1b59160e0b08029e18e.png
2024-04-14T06:57:46.664669+0300 Prediction: Type - Passports, Confidence - 1.0000, Page Number - 1
2024-04-14T06:58:46.047951+0300 Image saved: 90f40a018f5c9fb78a2e56fd12c882da1e4ecb9d34c55e9c9c34d128d4307bb685b31393f44608abd6b018bf077e73ecec73124d2b8cf1b59160e0b08029e18e.png
2024-04-14T06:58:46.692553+0300 Prediction: Type - Passports, Confidence - 1.0000, Page Number - 1
2024-04-14T07:00:30.541281+0300 Image saved: 90f40a018f5c9fb78a2e56fd12c882da1e4ecb9d34c55e9c9c34d128d4307bb685b31393f44608abd6b018bf077e73ecec73124d2b8cf1b59160e0b08029e18e.png
2024-04-14T07:00:31.170809+0300 Prediction: Type - Passports, Confidence - 1.0000, Page Number - 1
2024-04-14T07:22:27.761550+0300 Image saved: 90f40a018f5c9fb78a2e56fd12c882da1e4ecb9d34c55e9c9c34d128d4307bb685b31393f44608abd6b018bf077e73ecec73124d2b8cf1b59160e0b08029e18e.png
2024-04-14T07:22:28.453398+0300 Prediction: Type - Passports, Confidence - 1.0000, Page Number - 1
2024-04-14T07:22:28.844501+0300 Prediction: Type - Passports, Confidence - 1.0000, Page Number - 1
2024-04-14T07:23:38.190263+0300 Image saved: 90f40a018f5c9fb78a2e56fd12c882da1e4ecb9d34c55e9c9c34d128d4307bb685b31393f44608abd6b018bf077e73ecec73124d2b8cf1b59160e0b08029e18e.png
2024-04-14T07:23:38.803353+0300 Prediction: Type - Passports, Confidence - 1.0000, Page Number - 1
2024-04-14T07:23:39.164760+0300 Prediction: Type - Passports, Confidence - 1.0000, Page Number - 1
2024-04-14T07:23:48.563732+0300 Image saved: 90f40a018f5c9fb78a2e56fd12c882da1e4ecb9d34c55e9c9c34d128d4307bb685b31393f44608abd6b018bf077e73ecec73124d2b8cf1b59160e0b08029e18e.png
2024-04-14T07:23:48.630342+0300 Prediction: Type - Passports, Confidence - 1.0000, Page Number - 1
2024-04-14T07:23:48.703589+0300 Prediction: Type - Passports, Confidence - 1.0000, Page Number - 1
2024-04-14T07:24:16.119016+0300 Image saved: f54c135abe4ea6e658e96c61c31dacdf7790194d8160dd0611a43865561d5affe38bc20433976fa4ee032d90ad0d12ff9194b2ed23388ecee01c987d5225fc57.png
2024-04-14T07:24:16.294852+0300 Prediction: Type - STS, Confidence - 1.0000, Page Number - 1
2024-04-14T07:24:16.563344+0300 Prediction: Type - STS, Confidence - 1.0000, Page Number - 1
2024-04-14T07:24:38.707490+0300 Image saved: f54c135abe4ea6e658e96c61c31dacdf7790194d8160dd0611a43865561d5affe38bc20433976fa4ee032d90ad0d12ff9194b2ed23388ecee01c987d5225fc57.png
2024-04-14T07:24:38.846326+0300 Prediction: Type - STS, Confidence - 1.0000, Page Number - 1
2024-04-14T07:24:39.107905+0300 Prediction: Type - STS, Confidence - 1.0000, Page Number - 1
2024-04-14T07:24:53.552788+0300 Image saved: 98be07f161ce70036df642c5728bb6b2d5553457ad270428c4cd20be3d40d4d378b150385c8deebad4d57353756cae44db7d105507814e6516f0e6a3c57a6904.png
2024-04-14T07:24:53.625729+0300 Prediction: Type - Drivers, Confidence - 0.9998, Page Number - 2
2024-04-14T07:24:53.738268+0300 Prediction: Type - Drivers, Confidence - 0.9998, Page Number - 2
2024-04-14T07:44:51.876841+0300 Image saved: 98be07f161ce70036df642c5728bb6b2d5553457ad270428c4cd20be3d40d4d378b150385c8deebad4d57353756cae44db7d105507814e6516f0e6a3c57a6904.png
2024-04-14T07:44:52.570300+0300 Prediction: Type - Drivers, Confidence - 0.9998, Page Number - 2
2024-04-14T07:44:52.964318+0300 Prediction: Type - Drivers, Confidence - 0.9998, Page Number - 2
2024-04-14T07:56:50.201179+0300 Image saved: 98be07f161ce70036df642c5728bb6b2d5553457ad270428c4cd20be3d40d4d378b150385c8deebad4d57353756cae44db7d105507814e6516f0e6a3c57a6904.png
2024-04-14T07:56:50.871565+0300 Prediction: Type - Drivers, Confidence - 0.9998, Page Number - 2
2024-04-14T07:58:14.184571+0300 Image saved: 98be07f161ce70036df642c5728bb6b2d5553457ad270428c4cd20be3d40d4d378b150385c8deebad4d57353756cae44db7d105507814e6516f0e6a3c57a6904.png
2024-04-14T07:58:14.818525+0300 Prediction: Type - Drivers, Confidence - 0.9998, Page Number - 2
2024-04-14T07:59:04.431484+0300 Image saved: 98be07f161ce70036df642c5728bb6b2d5553457ad270428c4cd20be3d40d4d378b150385c8deebad4d57353756cae44db7d105507814e6516f0e6a3c57a6904.png
2024-04-14T07:59:05.082256+0300 Prediction: Type - Drivers, Confidence - 0.9998, Page Number - 2
2024-04-14T07:59:49.290398+0300 Image saved: 98be07f161ce70036df642c5728bb6b2d5553457ad270428c4cd20be3d40d4d378b150385c8deebad4d57353756cae44db7d105507814e6516f0e6a3c57a6904.png
2024-04-14T07:59:49.776591+0300 Prediction: Type - Drivers, Confidence - 0.9998, Page Number - 2
2024-04-14T08:01:51.446427+0300 Image saved: 98be07f161ce70036df642c5728bb6b2d5553457ad270428c4cd20be3d40d4d378b150385c8deebad4d57353756cae44db7d105507814e6516f0e6a3c57a6904.png
2024-04-14T08:01:52.037268+0300 Prediction: Type - Drivers, Confidence - 0.9998, Page Number - 2
2024-04-14T08:01:52.362462+0300 Prediction: Type - Drivers, Confidence - 0.9998, Page Number - 2
2024-04-14T08:03:16.495849+0300 Image saved: 98be07f161ce70036df642c5728bb6b2d5553457ad270428c4cd20be3d40d4d378b150385c8deebad4d57353756cae44db7d105507814e6516f0e6a3c57a6904.png
2024-04-14T08:03:17.067867+0300 Prediction: Type - Drivers, Confidence - 0.9998, Page Number - 2
2024-04-14T08:03:17.424320+0300 Prediction: Type - Drivers, Confidence - 0.9998, Page Number - 2
2024-04-14T08:04:30.887514+0300 Image saved: 98be07f161ce70036df642c5728bb6b2d5553457ad270428c4cd20be3d40d4d378b150385c8deebad4d57353756cae44db7d105507814e6516f0e6a3c57a6904.png
2024-04-14T08:07:06.330464+0300 Image saved: 98be07f161ce70036df642c5728bb6b2d5553457ad270428c4cd20be3d40d4d378b150385c8deebad4d57353756cae44db7d105507814e6516f0e6a3c57a6904.png
2024-04-14T08:07:06.961700+0300 Prediction: Type - Drivers, Confidence - 0.9998, Page Number - 2
2024-04-14T08:07:07.355331+0300 Prediction: Type - Drivers, Confidence - 0.9998, Page Number - 2
2024-04-14T08:09:40.992516+0300 Image saved: 98be07f161ce70036df642c5728bb6b2d5553457ad270428c4cd20be3d40d4d378b150385c8deebad4d57353756cae44db7d105507814e6516f0e6a3c57a6904.png
2024-04-14T08:09:41.634764+0300 Prediction: Type - Drivers, Confidence - 0.9999, Page Number - 2
2024-04-14T08:09:42.002467+0300 Prediction: Type - Drivers, Confidence - 0.9999, Page Number - 2
2024-04-14T08:43:03.567403+0300 Image saved: 98be07f161ce70036df642c5728bb6b2d5553457ad270428c4cd20be3d40d4d378b150385c8deebad4d57353756cae44db7d105507814e6516f0e6a3c57a6904.png
2024-04-14T08:43:04.259764+0300 Prediction: Type - Drivers, Confidence - 0.9999, Page Number - 2
2024-04-14T08:43:04.656536+0300 Prediction: Type - Drivers, Confidence - 0.9999, Page Number - 2
2024-04-14T08:43:16.109560+0300 Image saved: 98be07f161ce70036df642c5728bb6b2d5553457ad270428c4cd20be3d40d4d378b150385c8deebad4d57353756cae44db7d105507814e6516f0e6a3c57a6904.png
2024-04-14T08:43:16.763167+0300 Prediction: Type - Drivers, Confidence - 0.9999, Page Number - 2
2024-04-14T08:43:17.142325+0300 Prediction: Type - Drivers, Confidence - 0.9999, Page Number - 2
2024-04-14T08:43:49.466925+0300 Image saved: aba68fe42e266453dfaeb637d0a8608a248035884a7ad74ce622d00e431267c4c1420e3014f8e2b99c267ab7d4cf3f72fe3714ea2d5f6767914717cca67f0b7e.png
2024-04-14T08:43:49.537562+0300 Prediction: Type - Passports, Confidence - 1.0000, Page Number - 2
2024-04-14T08:43:49.625746+0300 Prediction: Type - Passports, Confidence - 1.0000, Page Number - 2
2024-04-14T08:44:46.187894+0300 Image saved: 777451c63131933b2333bee89dcbdd7c4928256c3083ce951717579d01d5aeb6ce02facfd4663ae66f56536f545e8588bdc5d82eab6aa950042154a9323965c9.png
2024-04-14T08:44:46.427804+0300 Prediction: Type - STS, Confidence - 1.0000, Page Number - 1
2024-04-14T08:44:46.855214+0300 Prediction: Type - STS, Confidence - 1.0000, Page Number - 1
2024-04-14T08:53:20.610965+0300 Image saved: 02243abdf743633fd4bcb59b4a31b6a251b0cf60528a4a9f676d32555b959d36c85583fc552c2e5049de67f5952f0441800f5a629d52704df971335452f17851.52
2024-04-14T08:55:57.973128+0300 Image saved: 02243abdf743633fd4bcb59b4a31b6a251b0cf60528a4a9f676d32555b959d36c85583fc552c2e5049de67f5952f0441800f5a629d52704df971335452f17851.52
2024-04-14T08:56:19.528423+0300 Image saved: 096e05378fbf5e45fd4464943e81e617a8e0f270783a5b55166d8dd4c8cdece96b7702c1f3e278272f23ddd85e958319ba4dd906287c0403b4b117537baee414.png
2024-04-14T08:56:19.582458+0300 Prediction: Type - Passports, Confidence - 1.0000, Page Number - 1
2024-04-14T08:56:20.121137+0300 Prediction: Type - Passports, Confidence - 1.0000, Page Number - 1
2024-04-14T08:58:49.973184+0300 Image saved: 02243abdf743633fd4bcb59b4a31b6a251b0cf60528a4a9f676d32555b959d36c85583fc552c2e5049de67f5952f0441800f5a629d52704df971335452f17851.52
2024-04-14T09:03:56.006366+0300 Image saved: 02243abdf743633fd4bcb59b4a31b6a251b0cf60528a4a9f676d32555b959d36c85583fc552c2e5049de67f5952f0441800f5a629d52704df971335452f17851.52
2024-04-14T09:07:02.892027+0300 Image saved: 02243abdf743633fd4bcb59b4a31b6a251b0cf60528a4a9f676d32555b959d36c85583fc552c2e5049de67f5952f0441800f5a629d52704df971335452f17851.jpg
2024-04-14T09:07:03.522374+0300 Prediction: Type - Drivers, Confidence - 1.0000, Page Number - 2
2024-04-14T09:07:03.875875+0300 Prediction: Type - Drivers, Confidence - 1.0000, Page Number - 2
2024-04-14T09:14:41.764061+0300 Image saved: 67bdfae3fa9d514af09f6360f0d30b1bdfd3df32c18d53168236914e4ed18a6cf9201320e40f5f9fe6be0ec7d9770f430ed0a03b9096b8f712d530cb6ee014fc.jpg
2024-04-14T09:14:42.414734+0300 Prediction: Type - STS, Confidence - 0.8161, Page Number - 1
2024-04-14T09:14:42.809860+0300 Prediction: Type - STS, Confidence - 0.8161, Page Number - 1
2024-04-14T09:36:34.579588+0300 Image saved: 67bdfae3fa9d514af09f6360f0d30b1bdfd3df32c18d53168236914e4ed18a6cf9201320e40f5f9fe6be0ec7d9770f430ed0a03b9096b8f712d530cb6ee014fc.jpg
2024-04-14T09:36:35.254721+0300 Prediction: Type - STS, Confidence - 0.8161, Page Number - 1
2024-04-14T09:36:35.632590+0300 Prediction: Type - STS, Confidence - 0.8161, Page Number - 1
2024-04-14T09:41:55.657085+0300 Image saved: 02243abdf743633fd4bcb59b4a31b6a251b0cf60528a4a9f676d32555b959d36c85583fc552c2e5049de67f5952f0441800f5a629d52704df971335452f17851.jpg
2024-04-14T09:41:56.240106+0300 Prediction: Type - Drivers, Confidence - 1.0000, Page Number - 2
2024-04-14T09:41:56.590649+0300 Prediction: Type - Drivers, Confidence - 1.0000, Page Number - 2
2024-04-14T09:42:34.309087+0300 Image saved: 02243abdf743633fd4bcb59b4a31b6a251b0cf60528a4a9f676d32555b959d36c85583fc552c2e5049de67f5952f0441800f5a629d52704df971335452f17851.jpg
2024-04-14T09:42:34.843857+0300 Prediction: Type - Drivers, Confidence - 1.0000, Page Number - 2
2024-04-14T09:42:35.174049+0300 Prediction: Type - Drivers, Confidence - 1.0000, Page Number - 2
2024-04-14T09:44:22.806523+0300 Image saved: 02243abdf743633fd4bcb59b4a31b6a251b0cf60528a4a9f676d32555b959d36c85583fc552c2e5049de67f5952f0441800f5a629d52704df971335452f17851.jpg
2024-04-14T09:44:23.444519+0300 Prediction: Type - Drivers, Confidence - 1.0000, Page Number - 2
2024-04-14T09:44:23.856684+0300 Prediction: Type - Drivers-2, Confidence - 1.0000, Page Number - 2
2024-04-14T14:25:50.636094+0300 Image saved: 02243abdf743633fd4bcb59b4a31b6a251b0cf60528a4a9f676d32555b959d36c85583fc552c2e5049de67f5952f0441800f5a629d52704df971335452f17851.jpg
2024-04-14T14:25:51.312213+0300 Prediction: Type - Drivers, Confidence - 0.9992, Page Number - 2
2024-04-14T14:25:51.696701+0300 Prediction: Type - Drivers, Confidence - 0.9992, Page Number - 2
2024-04-14T14:42:21.707332+0300 Image saved: c9a469d7d4c6d45591847ad809dd594128315a2fd5bfe8d99c0c4f171d441a1701f900178be5a28d75bb84ca3384d3546aa509e6e133167f9fb1950e9d40f1d3.png
2024-04-14T14:42:22.435106+0300 Prediction: Type - Passports, Confidence - 1.0000, Page Number - 2
2024-04-14T14:42:42.121316+0300 Image saved: c9a469d7d4c6d45591847ad809dd594128315a2fd5bfe8d99c0c4f171d441a1701f900178be5a28d75bb84ca3384d3546aa509e6e133167f9fb1950e9d40f1d3.png
2024-04-14T14:42:42.713943+0300 Prediction: Type - Passports, Confidence - 1.0000, Page Number - 2
2024-04-14T14:42:47.905628+0300 Image saved: c9a469d7d4c6d45591847ad809dd594128315a2fd5bfe8d99c0c4f171d441a1701f900178be5a28d75bb84ca3384d3546aa509e6e133167f9fb1950e9d40f1d3.png
2024-04-14T14:42:47.968123+0300 Prediction: Type - Passports, Confidence - 1.0000, Page Number - 2
2024-04-14T14:47:24.992720+0300 Image saved: c9a469d7d4c6d45591847ad809dd594128315a2fd5bfe8d99c0c4f171d441a1701f900178be5a28d75bb84ca3384d3546aa509e6e133167f9fb1950e9d40f1d3.png
2024-04-14T14:47:25.517029+0300 Prediction: Type - Passports, Confidence - 1.0000, Page Number - 2
2024-04-14T14:49:02.316217+0300 Image saved: c9a469d7d4c6d45591847ad809dd594128315a2fd5bfe8d99c0c4f171d441a1701f900178be5a28d75bb84ca3384d3546aa509e6e133167f9fb1950e9d40f1d3.png
2024-04-14T14:49:02.851933+0300 Prediction: Type - Passports, Confidence - 1.0000, Page Number - 2
2024-04-14T14:50:15.389218+0300 Image saved: c9a469d7d4c6d45591847ad809dd594128315a2fd5bfe8d99c0c4f171d441a1701f900178be5a28d75bb84ca3384d3546aa509e6e133167f9fb1950e9d40f1d3.png
2024-04-14T14:50:15.959435+0300 Prediction: Type - Passports, Confidence - 1.0000, Page Number - 2
2024-04-14T14:50:35.865585+0300 Image saved: 80ed1c0a637ad2af028773a28d0234a09f6ba167d0eaab4abd86f19b46939d1ab1782132b3da211fc7aa18d8bd3bbd7ce201ae4c93766aeaf328169d2ecf4339.png
2024-04-14T14:50:35.920740+0300 Prediction: Type - Passports, Confidence - 1.0000, Page Number - 2
2024-04-14T14:50:36.015868+0300 Prediction: Type - Passports, Confidence - 1.0000, Page Number - 2
2024-04-14T14:51:10.044852+0300 Image saved: 879169d48f871c27ee0ab90981a30b23c1ed642fd679ebe5756c0bccb0df7a748d030dec3e24647c2a1ba8cd3070c7ea1a744d291a8406c410af441ba016f3f7.png
2024-04-14T14:51:10.127018+0300 Prediction: Type - Passports, Confidence - 0.9999, Page Number - 2
2024-04-14T14:51:10.285402+0300 Prediction: Type - Passports, Confidence - 0.9999, Page Number - 2
2024-04-14T14:52:39.831547+0300 Image saved: 4c2b98bca287465383aa5b7f275502f0369a02b95dd40f29b9dd84ab087a126ad31f950b357f091921a3fd60cb7c45823b089dcafc30e1c89f5de17e367b67d5.png
2024-04-14T14:52:40.103368+0300 Prediction: Type - Passports, Confidence - 1.0000, Page Number - 2
2024-04-14T14:52:40.598074+0300 Prediction: Type - Passports, Confidence - 1.0000, Page Number - 2
2024-04-14T14:53:32.266409+0300 Image saved: 4c2b98bca287465383aa5b7f275502f0369a02b95dd40f29b9dd84ab087a126ad31f950b357f091921a3fd60cb7c45823b089dcafc30e1c89f5de17e367b67d5.png
2024-04-14T14:53:33.097938+0300 Prediction: Type - Passports, Confidence - 1.0000, Page Number - 2
2024-04-14T14:53:45.134680+0300 Image saved: 4c2b98bca287465383aa5b7f275502f0369a02b95dd40f29b9dd84ab087a126ad31f950b357f091921a3fd60cb7c45823b089dcafc30e1c89f5de17e367b67d5.png
2024-04-14T14:53:45.857935+0300 Prediction: Type - Passports, Confidence - 1.0000, Page Number - 2
2024-04-14T14:54:14.906363+0300 Image saved: 4c2b98bca287465383aa5b7f275502f0369a02b95dd40f29b9dd84ab087a126ad31f950b357f091921a3fd60cb7c45823b089dcafc30e1c89f5de17e367b67d5.png
2024-04-14T14:54:15.673100+0300 Prediction: Type - Passports, Confidence - 1.0000, Page Number - 2
2024-04-14T14:54:16.442942+0300 Prediction: Type - Passports, Confidence - 1.0000, Page Number - 2
2024-04-14T14:55:58.725756+0300 Image saved: 21f4f5e0826733ed36f1e9123643ab3db2c15635ee8c54c89da061be2c937bb6e51ec927aa06b48f212f6af42db16c2c4c5e0fcfa29d962d286a64181a974836.png
2024-04-14T14:55:58.823332+0300 Prediction: Type - Passports, Confidence - 0.9996, Page Number - 2
2024-04-14T14:55:58.955644+0300 Prediction: Type - Passports, Confidence - 0.9996, Page Number - 2
2024-04-14T15:12:28.789427+0300 Image saved: 87105b1e1133a13628bec8c103b30d4e8c48efaed50363b9f38fc9b0babc24ac898bf553e6b24a55953c351af39ac20e1a459a08289290852071f534a4d63ee4.png
2024-04-14T15:12:29.673650+0300 Prediction: Type - Passports, Confidence - 1.0000, Page Number - 2
2024-04-14T15:12:30.443511+0300 Prediction: Type - Passports, Confidence - 1.0000, Page Number - 2
2024-04-14T15:12:55.942040+0300 Image saved: 3ec9cc6eff44147e2ee4ac87b095fbd1afc0307810f2436191b359fe9b16cde9663a279b14e1b6f51e441314861d294e2ee081e9f0990069594064c83eccd3fc.png
2024-04-14T15:12:56.021927+0300 Prediction: Type - Passports, Confidence - 1.0000, Page Number - 2
2024-04-14T15:12:56.159179+0300 Prediction: Type - Passports, Confidence - 1.0000, Page Number - 2
2024-04-14T15:13:37.950763+0300 Image saved: b6c6947b6241995df07f7eedefe985a546b66cf0bb959308f30ac37b402f0f6d8bef139569144e849e9998a9c2095c3f7449ac5f604b03c4adebff4e72dd7a06.png
2024-04-14T15:13:38.006496+0300 Prediction: Type - Passports, Confidence - 1.0000, Page Number - 2
2024-04-14T15:13:38.120354+0300 Prediction: Type - Passports, Confidence - 1.0000, Page Number - 2
2024-04-14T15:14:08.947571+0300 Image saved: 6ef4d53bcabb2c0718618a9f258f66c345f121fb408ed46596de471c57141d0f3f7d083c47c91ebaa7a0490823944adf6626f0b71352f315b7ab76dc520281a3.png
2024-04-14T15:14:09.171533+0300 Prediction: Type - Passports, Confidence - 1.0000, Page Number - 2
2024-04-14T15:14:09.626962+0300 Prediction: Type - Passports, Confidence - 1.0000, Page Number - 2
2024-04-14T15:15:06.239844+0300 Image saved: 4c2b98bca287465383aa5b7f275502f0369a02b95dd40f29b9dd84ab087a126ad31f950b357f091921a3fd60cb7c45823b089dcafc30e1c89f5de17e367b67d5.png
2024-04-14T15:15:06.535024+0300 Prediction: Type - Passports, Confidence - 1.0000, Page Number - 2
2024-04-14T15:15:07.039435+0300 Prediction: Type - Passports, Confidence - 1.0000, Page Number - 2
2024-04-14T15:15:15.389266+0300 Image saved: 4c2b98bca287465383aa5b7f275502f0369a02b95dd40f29b9dd84ab087a126ad31f950b357f091921a3fd60cb7c45823b089dcafc30e1c89f5de17e367b67d5.png
2024-04-14T15:15:15.659932+0300 Prediction: Type - Passports, Confidence - 1.0000, Page Number - 2
2024-04-14T15:15:16.158029+0300 Prediction: Type - Passports, Confidence - 1.0000, Page Number - 2
2024-04-14T15:16:17.997018+0300 Image saved: 75f9dd1fded84ae75c4a499a40ebf9021bd9f5c0cfe9a5b7f91136352575656445f6e07f180a1613f0ea70b81ba9d4a57c7f3dbc307e1478c816207930b214eb.png
2024-04-14T15:16:18.070042+0300 Prediction: Type - STS, Confidence - 0.9955, Page Number - 1
2024-04-14T15:16:18.206694+0300 Prediction: Type - STS, Confidence - 0.9955, Page Number - 1
2024-04-14T15:16:42.677223+0300 Image saved: 87aa27f0d3f5027eafa48ce1fb448ab1eceddfa0ca16a0dc2bf6a473ecc40e1e9e7d395644431147c2b340b9df9f6db60c3382325e8ab102e5e96842af2c88cd.png
2024-04-14T15:16:42.758027+0300 Prediction: Type - STS, Confidence - 1.0000, Page Number - 1
2024-04-14T15:16:42.918705+0300 Prediction: Type - STS, Confidence - 1.0000, Page Number - 1
2024-04-14T15:35:27.243549+0300 Image saved: fd07d5879ef90d96b53bd242cf6dad4240f4a1200833fdc2a48deb432fa7d65868b23bd0d217b01068b06784e8fec8fb607190afb7333b83114b28ca1d1cb0a2.jpg
2024-04-14T15:35:27.858554+0300 Prediction: Type - Drivers, Confidence - 0.9993, Page Number - 2
2024-04-14T15:35:28.231942+0300 Prediction: Type - Drivers, Confidence - 0.9993, Page Number - 2
2024-04-14T15:36:06.525337+0300 Image saved: 1de3ae6a4753ce3f4b4cc9ed099fbe602d19ebac4e38861e07726f85e93497a33a036eb3989a7f11ca299ceffd2073bcec096548563097b35aaff68a77917ca4.jpg
2024-04-14T15:36:06.594859+0300 Prediction: Type - Drivers, Confidence - 0.9606, Page Number - 2
2024-04-14T15:36:06.689480+0300 Prediction: Type - Drivers, Confidence - 0.9606, Page Number - 2
2024-04-14T15:36:59.585646+0300 Image saved: 1de3ae6a4753ce3f4b4cc9ed099fbe602d19ebac4e38861e07726f85e93497a33a036eb3989a7f11ca299ceffd2073bcec096548563097b35aaff68a77917ca4.jpg
2024-04-14T15:37:00.213684+0300 Prediction: Type - Drivers, Confidence - 0.9606, Page Number - 2
2024-04-14T15:37:00.577364+0300 Prediction: Type - Drivers, Confidence - 0.9606, Page Number - 2
